This file contains any messages produced by compilers while
running configure, to aid debugging if configure makes a mistake.

It was created by configure, which was
generated by GNU Autoconf 2.64.  Invocation command line was

  $ ./configure --prefix=/NOBACKUP/smakadir/nurbs++/local --no-create --no-recursion

## --------- ##
## Platform. ##
## --------- ##

hostname = na70.nada.kth.se
uname -m = x86_64
uname -r = 2.6.31-17-generic
uname -s = Linux
uname -v = #54-Ubuntu SMP Thu Dec 10 17:01:44 UTC 2009

/usr/bin/uname -p = unknown
/bin/uname -X     = unknown

/bin/arch              = unknown
/usr/bin/arch -k       = unknown
/usr/convex/getsysinfo = unknown
/usr/bin/hostinfo      = unknown
/bin/machine           = unknown
/usr/bin/oslevel       = unknown
/bin/universe          = unknown

PATH: /usr/local/sbin
PATH: /usr/local/bin
PATH: /usr/sbin
PATH: /usr/bin
PATH: /sbin
PATH: /bin
PATH: /usr/games


## ----------- ##
## Core tests. ##
## ----------- ##

configure:2431: checking build system type
configure:2445: result: x86_64-unknown-linux-gnu
configure:2465: checking host system type
configure:2478: result: x86_64-unknown-linux-gnu
configure:2498: checking target system type
configure:2511: result: x86_64-unknown-linux-gnu
configure:2555: checking for a BSD-compatible install
configure:2623: result: /usr/bin/install -c
configure:2634: checking whether build environment is sane
configure:2684: result: yes
configure:2825: checking for a thread-safe mkdir -p
configure:2864: result: /bin/mkdir -p
configure:2877: checking for gawk
configure:2907: result: no
configure:2877: checking for mawk
configure:2893: found /usr/bin/mawk
configure:2904: result: mawk
configure:2915: checking whether make sets $(MAKE)
configure:2937: result: yes
configure:3028: checking if the nurbs++ package is used inside MindsEye
configure:3044: result: no
configure:3086: checking for style of include used by make
configure:3114: result: GNU
configure:3184: checking for gcc
configure:3200: found /usr/bin/gcc
configure:3211: result: gcc
configure:3440: checking for C compiler version
configure:3449: gcc --version >&5
gcc (Ubuntu 4.4.1-4ubuntu9) 4.4.1
Copyright (C) 2009 Free Software Foundation, Inc.
This is free software; see the source for copying conditions.  There is NO
warranty; not even for MERCHANTABILITY or FITNESS FOR A PARTICULAR PURPOSE.

configure:3460: $? = 0
configure:3449: gcc -v >&5
Using built-in specs.
Target: x86_64-linux-gnu
Configured with: ../src/configure -v --with-pkgversion='Ubuntu 4.4.1-4ubuntu9' --with-bugurl=file:///usr/share/doc/gcc-4.4/README.Bugs --enable-languages=c,c++,fortran,objc,obj-c++ --prefix=/usr --enable-shared --enable-multiarch --enable-linker-build-id --with-system-zlib --libexecdir=/usr/lib --without-included-gettext --enable-threads=posix --with-gxx-include-dir=/usr/include/c++/4.4 --program-suffix=-4.4 --enable-nls --enable-clocale=gnu --enable-libstdcxx-debug --enable-objc-gc --disable-werror --with-arch-32=i486 --with-tune=generic --enable-checking=release --build=x86_64-linux-gnu --host=x86_64-linux-gnu --target=x86_64-linux-gnu
Thread model: posix
gcc version 4.4.1 (Ubuntu 4.4.1-4ubuntu9) 
configure:3460: $? = 0
configure:3449: gcc -V >&5
gcc: '-V' option must have argument
configure:3460: $? = 1
configure:3449: gcc -qversion >&5
gcc: unrecognized option '-qversion'
gcc: no input files
configure:3460: $? = 1
configure:3482: checking for C compiler default output file name
configure:3504: gcc    conftest.c  >&5
configure:3508: $? = 0
configure:3545: result: a.out
configure:3561: checking whether the C compiler works
configure:3570: ./a.out
configure:3574: $? = 0
configure:3589: result: yes
configure:3596: checking whether we are cross compiling
configure:3598: result: no
configure:3601: checking for suffix of executables
configure:3608: gcc -o conftest    conftest.c  >&5
configure:3612: $? = 0
configure:3634: result: 
configure:3640: checking for suffix of object files
configure:3662: gcc -c   conftest.c >&5
configure:3666: $? = 0
configure:3687: result: o
configure:3691: checking whether we are using the GNU C compiler
configure:3710: gcc -c   conftest.c >&5
configure:3710: $? = 0
configure:3719: result: yes
configure:3728: checking whether gcc accepts -g
configure:3748: gcc -c -g  conftest.c >&5
configure:3748: $? = 0
configure:3789: result: yes
configure:3806: checking for gcc option to accept ISO C89
configure:3870: gcc  -c -g -O2  conftest.c >&5
configure:3870: $? = 0
configure:3883: result: none needed
configure:3905: checking dependency style of gcc
configure:4015: result: gcc3
configure:4030: checking for a sed that does not truncate output
configure:4094: result: /bin/sed
configure:4112: checking for grep that handles long lines and -e
configure:4170: result: /bin/grep
configure:4175: checking for egrep
configure:4237: result: /bin/grep -E
configure:4242: checking for fgrep
configure:4304: result: /bin/grep -F
configure:4339: checking for ld used by gcc
configure:4406: result: /usr/bin/ld
configure:4413: checking if the linker (/usr/bin/ld) is GNU ld
configure:4428: result: yes
configure:4440: checking for BSD- or MS-compatible name lister (nm)
configure:4489: result: /usr/bin/nm -B
configure:4607: checking the name lister (/usr/bin/nm -B) interface
configure:4614: gcc -c -g -O2  conftest.c >&5
configure:4617: /usr/bin/nm -B "conftest.o"
configure:4620: output
0000000000000000 B some_variable
configure:4627: result: BSD nm
configure:4630: checking whether ln -s works
configure:4634: result: yes
configure:4642: checking the maximum length of command line arguments
configure:4762: result: 3458764513820540925
configure:4779: checking whether the shell understands some XSI constructs
configure:4789: result: yes
configure:4793: checking whether the shell understands "+="
configure:4799: result: yes
configure:4834: checking for /usr/bin/ld option to reload object files
configure:4841: result: -r
configure:4910: checking for objdump
configure:4926: found /usr/bin/objdump
configure:4937: result: objdump
configure:4969: checking how to recognize dependent libraries
configure:5165: result: pass_all
configure:5225: checking for ar
configure:5241: found /usr/bin/ar
configure:5252: result: ar
configure:5330: checking for strip
configure:5346: found /usr/bin/strip
configure:5357: result: strip
configure:5429: checking for ranlib
configure:5445: found /usr/bin/ranlib
configure:5456: result: ranlib
configure:5546: checking command to parse /usr/bin/nm -B output from gcc object
configure:5664: gcc -c -g -O2  conftest.c >&5
configure:5667: $? = 0
configure:5671: /usr/bin/nm -B conftest.o \| sed -n -e 's/^.*[	 ]\([ABCDGIRSTW][ABCDGIRSTW]*\)[	 ][	 ]*\([_A-Za-z][_A-Za-z0-9]*\)$/\1 \2 \2/p' \> conftest.nm
configure:5674: $? = 0
configure:5728: gcc -o conftest -g -O2   conftest.c conftstm.o >&5
configure:5731: $? = 0
configure:5769: result: ok
configure:5865: gcc -c -g -O2  conftest.c >&5
configure:5868: $? = 0
configure:6578: checking how to run the C preprocessor
configure:6609: gcc -E  conftest.c
configure:6609: $? = 0
configure:6623: gcc -E  conftest.c
conftest.c:11:28: error: ac_nonexistent.h: No such file or directory
configure:6623: $? = 1
configure: failed program was:
| /* confdefs.h */
| #define PACKAGE_NAME ""
| #define PACKAGE_TARNAME ""
| #define PACKAGE_VERSION ""
| #define PACKAGE_STRING ""
| #define PACKAGE_BUGREPORT ""
| #define PACKAGE_URL ""
| #define PACKAGE "nurbs++"
| #define VERSION "3.0.12"
| /* end confdefs.h.  */
| #include <ac_nonexistent.h>
configure:6648: result: gcc -E
configure:6668: gcc -E  conftest.c
configure:6668: $? = 0
configure:6682: gcc -E  conftest.c
conftest.c:11:28: error: ac_nonexistent.h: No such file or directory
configure:6682: $? = 1
configure: failed program was:
| /* confdefs.h */
| #define PACKAGE_NAME ""
| #define PACKAGE_TARNAME ""
| #define PACKAGE_VERSION ""
| #define PACKAGE_STRING ""
| #define PACKAGE_BUGREPORT ""
| #define PACKAGE_URL ""
| #define PACKAGE "nurbs++"
| #define VERSION "3.0.12"
| /* end confdefs.h.  */
| #include <ac_nonexistent.h>
configure:6711: checking for ANSI C header files
configure:6731: gcc -c -g -O2  conftest.c >&5
configure:6731: $? = 0
configure:6804: gcc -o conftest -g -O2   conftest.c  >&5
configure:6804: $? = 0
configure:6804: ./conftest
configure:6804: $? = 0
configure:6815: result: yes
configure:6828: checking for sys/types.h
configure:6828: gcc -c -g -O2  conftest.c >&5
configure:6828: $? = 0
configure:6828: result: yes
configure:6828: checking for sys/stat.h
configure:6828: gcc -c -g -O2  conftest.c >&5
configure:6828: $? = 0
configure:6828: result: yes
configure:6828: checking for stdlib.h
configure:6828: gcc -c -g -O2  conftest.c >&5
configure:6828: $? = 0
configure:6828: result: yes
configure:6828: checking for string.h
configure:6828: gcc -c -g -O2  conftest.c >&5
configure:6828: $? = 0
configure:6828: result: yes
configure:6828: checking for memory.h
configure:6828: gcc -c -g -O2  conftest.c >&5
configure:6828: $? = 0
configure:6828: result: yes
configure:6828: checking for strings.h
configure:6828: gcc -c -g -O2  conftest.c >&5
configure:6828: $? = 0
configure:6828: result: yes
configure:6828: checking for inttypes.h
configure:6828: gcc -c -g -O2  conftest.c >&5
configure:6828: $? = 0
configure:6828: result: yes
configure:6828: checking for stdint.h
configure:6828: gcc -c -g -O2  conftest.c >&5
configure:6828: $? = 0
configure:6828: result: yes
configure:6828: checking for unistd.h
configure:6828: gcc -c -g -O2  conftest.c >&5
configure:6828: $? = 0
configure:6828: result: yes
configure:6843: checking for dlfcn.h
configure:6843: gcc -c -g -O2  conftest.c >&5
configure:6843: $? = 0
configure:6843: result: yes
configure:7027: checking for objdir
configure:7042: result: .libs
configure:7338: checking if gcc supports -fno-rtti -fno-exceptions
configure:7356: gcc -c -g -O2  -fno-rtti -fno-exceptions conftest.c >&5
cc1: warning: command line option "-fno-rtti" is valid for C++/ObjC++ but not for C
configure:7360: $? = 0
configure:7373: result: no
configure:7393: checking for gcc option to produce PIC
configure:7665: result: -fPIC -DPIC
configure:7677: checking if gcc PIC flag -fPIC -DPIC works
configure:7695: gcc -c -g -O2  -fPIC -DPIC -DPIC conftest.c >&5
configure:7699: $? = 0
configure:7712: result: yes
configure:7736: checking if gcc static flag -static works
configure:7764: result: yes
configure:7779: checking if gcc supports -c -o file.o
configure:7800: gcc -c -g -O2  -o out/conftest2.o conftest.c >&5
configure:7804: $? = 0
configure:7826: result: yes
configure:7834: checking if gcc supports -c -o file.o
configure:7881: result: yes
configure:7914: checking whether the gcc linker (/usr/bin/ld -m elf_x86_64) supports shared libraries
configure:8904: result: yes
configure:8941: checking whether -lc should be explicitly linked in
configure:8946: gcc -c -g -O2  conftest.c >&5
configure:8949: $? = 0
configure:8964: gcc -shared conftest.o  -v -Wl,-soname -Wl,conftest -o conftest 2\>\&1 \| /bin/grep  -lc  \>/dev/null 2\>\&1
configure:8967: $? = 0
configure:8979: result: no
configure:9143: checking dynamic linker characteristics
configure:9576: gcc -o conftest -g -O2   -Wl,-rpath -Wl,/foo conftest.c  >&5
configure:9576: $? = 0
configure:9806: result: GNU/Linux ld.so
configure:9908: checking how to hardcode library paths into programs
configure:9933: result: immediate
configure:10453: checking whether stripping libraries is possible
configure:10458: result: yes
configure:10493: checking if libtool supports shared libraries
configure:10495: result: yes
configure:10498: checking whether to build shared libraries
configure:10519: result: yes
configure:10522: checking whether to build static libraries
configure:10526: result: yes
configure:10620: checking for g++
configure:10636: found /usr/bin/g++
configure:10647: result: g++
configure:10674: checking for C++ compiler version
configure:10683: g++ --version >&5
g++ (Ubuntu 4.4.1-4ubuntu9) 4.4.1
Copyright (C) 2009 Free Software Foundation, Inc.
This is free software; see the source for copying conditions.  There is NO
warranty; not even for MERCHANTABILITY or FITNESS FOR A PARTICULAR PURPOSE.

configure:10694: $? = 0
configure:10683: g++ -v >&5
Using built-in specs.
Target: x86_64-linux-gnu
Configured with: ../src/configure -v --with-pkgversion='Ubuntu 4.4.1-4ubuntu9' --with-bugurl=file:///usr/share/doc/gcc-4.4/README.Bugs --enable-languages=c,c++,fortran,objc,obj-c++ --prefix=/usr --enable-shared --enable-multiarch --enable-linker-build-id --with-system-zlib --libexecdir=/usr/lib --without-included-gettext --enable-threads=posix --with-gxx-include-dir=/usr/include/c++/4.4 --program-suffix=-4.4 --enable-nls --enable-clocale=gnu --enable-libstdcxx-debug --enable-objc-gc --disable-werror --with-arch-32=i486 --with-tune=generic --enable-checking=release --build=x86_64-linux-gnu --host=x86_64-linux-gnu --target=x86_64-linux-gnu
Thread model: posix
gcc version 4.4.1 (Ubuntu 4.4.1-4ubuntu9) 
configure:10694: $? = 0
configure:10683: g++ -V >&5
g++: '-V' option must have argument
configure:10694: $? = 1
configure:10683: g++ -qversion >&5
g++: unrecognized option '-qversion'
g++: no input files
configure:10694: $? = 1
configure:10698: checking whether we are using the GNU C++ compiler
configure:10717: g++ -c   conftest.cpp >&5
configure:10717: $? = 0
configure:10726: result: yes
configure:10735: checking whether g++ accepts -g
configure:10755: g++ -c -g  conftest.cpp >&5
configure:10755: $? = 0
configure:10796: result: yes
configure:10821: checking dependency style of g++
configure:10931: result: gcc3
configure:11059: checking for C++ compiler version
configure:11068: g++ --version >&5
g++ (Ubuntu 4.4.1-4ubuntu9) 4.4.1
Copyright (C) 2009 Free Software Foundation, Inc.
This is free software; see the source for copying conditions.  There is NO
warranty; not even for MERCHANTABILITY or FITNESS FOR A PARTICULAR PURPOSE.

configure:11079: $? = 0
configure:11068: g++ -v >&5
Using built-in specs.
Target: x86_64-linux-gnu
Configured with: ../src/configure -v --with-pkgversion='Ubuntu 4.4.1-4ubuntu9' --with-bugurl=file:///usr/share/doc/gcc-4.4/README.Bugs --enable-languages=c,c++,fortran,objc,obj-c++ --prefix=/usr --enable-shared --enable-multiarch --enable-linker-build-id --with-system-zlib --libexecdir=/usr/lib --without-included-gettext --enable-threads=posix --with-gxx-include-dir=/usr/include/c++/4.4 --program-suffix=-4.4 --enable-nls --enable-clocale=gnu --enable-libstdcxx-debug --enable-objc-gc --disable-werror --with-arch-32=i486 --with-tune=generic --enable-checking=release --build=x86_64-linux-gnu --host=x86_64-linux-gnu --target=x86_64-linux-gnu
Thread model: posix
gcc version 4.4.1 (Ubuntu 4.4.1-4ubuntu9) 
configure:11079: $? = 0
configure:11068: g++ -V >&5
g++: '-V' option must have argument
configure:11079: $? = 1
configure:11068: g++ -qversion >&5
g++: unrecognized option '-qversion'
g++: no input files
configure:11079: $? = 1
configure:11083: checking whether we are using the GNU C++ compiler
configure:11111: result: yes
configure:11120: checking whether g++ accepts -g
configure:11181: result: yes
configure:11206: checking dependency style of g++
configure:11316: result: gcc3
configure:11339: checking how to run the C++ preprocessor
configure:11366: g++ -E  conftest.cpp
configure:11366: $? = 0
configure:11380: g++ -E  conftest.cpp
conftest.cpp:23:28: error: ac_nonexistent.h: No such file or directory
configure:11380: $? = 1
configure: failed program was:
| /* confdefs.h */
| #define PACKAGE_NAME ""
| #define PACKAGE_TARNAME ""
| #define PACKAGE_VERSION ""
| #define PACKAGE_STRING ""
| #define PACKAGE_BUGREPORT ""
| #define PACKAGE_URL ""
| #define PACKAGE "nurbs++"
| #define VERSION "3.0.12"
| #define STDC_HEADERS 1
| #define HAVE_SYS_TYPES_H 1
| #define HAVE_SYS_STAT_H 1
| #define HAVE_STDLIB_H 1
| #define HAVE_STRING_H 1
| #define HAVE_MEMORY_H 1
| #define HAVE_STRINGS_H 1
| #define HAVE_INTTYPES_H 1
| #define HAVE_STDINT_H 1
| #define HAVE_UNISTD_H 1
| #define HAVE_DLFCN_H 1
| #define LT_OBJDIR ".libs/"
| /* end confdefs.h.  */
| #include <ac_nonexistent.h>
configure:11405: result: g++ -E
configure:11425: g++ -E  conftest.cpp
configure:11425: $? = 0
configure:11439: g++ -E  conftest.cpp
conftest.cpp:23:28: error: ac_nonexistent.h: No such file or directory
configure:11439: $? = 1
configure: failed program was:
| /* confdefs.h */
| #define PACKAGE_NAME ""
| #define PACKAGE_TARNAME ""
| #define PACKAGE_VERSION ""
| #define PACKAGE_STRING ""
| #define PACKAGE_BUGREPORT ""
| #define PACKAGE_URL ""
| #define PACKAGE "nurbs++"
| #define VERSION "3.0.12"
| #define STDC_HEADERS 1
| #define HAVE_SYS_TYPES_H 1
| #define HAVE_SYS_STAT_H 1
| #define HAVE_STDLIB_H 1
| #define HAVE_STRING_H 1
| #define HAVE_MEMORY_H 1
| #define HAVE_STRINGS_H 1
| #define HAVE_INTTYPES_H 1
| #define HAVE_STDINT_H 1
| #define HAVE_UNISTD_H 1
| #define HAVE_DLFCN_H 1
| #define LT_OBJDIR ".libs/"
| /* end confdefs.h.  */
| #include <ac_nonexistent.h>
configure:11607: checking for ld used by g++
configure:11674: result: /usr/bin/ld -m elf_x86_64
configure:11681: checking if the linker (/usr/bin/ld -m elf_x86_64) is GNU ld
configure:11696: result: yes
configure:11751: checking whether the g++ linker (/usr/bin/ld -m elf_x86_64) supports shared libraries
configure:12664: result: yes
configure:12692: g++ -c -g -O2  conftest.cpp >&5
configure:12695: $? = 0
configure:12877: checking for g++ option to produce PIC
configure:13194: result: -fPIC -DPIC
configure:13203: checking if g++ PIC flag -fPIC -DPIC works
configure:13221: g++ -c -g -O2  -fPIC -DPIC -DPIC conftest.cpp >&5
configure:13225: $? = 0
configure:13238: result: yes
configure:13259: checking if g++ static flag -static works
configure:13287: result: yes
configure:13299: checking if g++ supports -c -o file.o
configure:13320: g++ -c -g -O2  -o out/conftest2.o conftest.cpp >&5
configure:13324: $? = 0
configure:13346: result: yes
configure:13351: checking if g++ supports -c -o file.o
configure:13398: result: yes
configure:13428: checking whether the g++ linker (/usr/bin/ld -m elf_x86_64) supports shared libraries
configure:13457: result: yes
configure:13594: checking dynamic linker characteristics
configure:13975: g++ -o conftest -g -O2   -Wl,-rpath -Wl,/foo conftest.cpp  >&5
configure:13975: $? = 0
configure:14205: result: GNU/Linux ld.so
configure:14256: checking how to hardcode library paths into programs
configure:14281: result: immediate
configure:14325: checking how to run the C preprocessor
configure:14395: result: gcc -E
configure:14415: gcc -E  conftest.c
configure:14415: $? = 0
configure:14429: gcc -E  conftest.c
conftest.c:23:28: error: ac_nonexistent.h: No such file or directory
configure:14429: $? = 1
configure: failed program was:
| /* confdefs.h */
| #define PACKAGE_NAME ""
| #define PACKAGE_TARNAME ""
| #define PACKAGE_VERSION ""
| #define PACKAGE_STRING ""
| #define PACKAGE_BUGREPORT ""
| #define PACKAGE_URL ""
| #define PACKAGE "nurbs++"
| #define VERSION "3.0.12"
| #define STDC_HEADERS 1
| #define HAVE_SYS_TYPES_H 1
| #define HAVE_SYS_STAT_H 1
| #define HAVE_STDLIB_H 1
| #define HAVE_STRING_H 1
| #define HAVE_MEMORY_H 1
| #define HAVE_STRINGS_H 1
| #define HAVE_INTTYPES_H 1
| #define HAVE_STDINT_H 1
| #define HAVE_UNISTD_H 1
| #define HAVE_DLFCN_H 1
| #define LT_OBJDIR ".libs/"
| /* end confdefs.h.  */
| #include <ac_nonexistent.h>
configure:14463: checking whether make sets $(MAKE)
configure:14485: result: yes
configure:14605: checking for cppunit-config
configure:14633: result: no
configure:14642: result: no
configure:14697: result: no
configure:14781: checking whether g++ supports namespaces
configure:14811: g++ -c -g -O2 -fno-implicit-templates  conftest.cpp >&5
configure:14811: $? = 0
configure:14826: result: yes
configure:14841: checking whether g++ supports template of templates
configure:14868: g++ -c -g -O2 -fno-implicit-templates  conftest.cpp >&5
configure:14868: $? = 0
configure:14883: result: yes
configure:14892: checking whether g++ uses ISO friend declarations
configure:14922: g++ -c -g -O2 -fno-implicit-templates  conftest.cpp >&5
configure:14922: $? = 0
configure:14937: result: yes
configure:14947: checking whether g++ defines abs for the Complex type
configure:14979: g++ -c -g -O2 -fno-implicit-templates  conftest.cpp >&5
configure:14979: $? = 0
configure:14994: result: yes
configure:15001: checking whether g++ defines conj for the Complex type
configure:15033: g++ -c -g -O2 -fno-implicit-templates  conftest.cpp >&5
configure:15033: $? = 0
configure:15048: result: yes
configure:15069: checking if the compiler can see complex instead of complex.h
configure:15082: g++ -c -g -O2 -fno-implicit-templates  conftest.cpp >&5
configure:15082: $? = 0
configure:15088: result: yes
configure:15156: checking if building a float NURBS library
configure:15176: result: yes
configure:15183: checking if building a double NURBS library
configure:15195: result: yes
configure:15243: checking Which perl are you using ?
configure:15245: result: /usr/bin/perl
configure:15399: creating ./config.status

## ---------------- ##
## Cache variables. ##
## ---------------- ##

ac_cv_build=x86_64-unknown-linux-gnu
ac_cv_c_compiler_gnu=yes
ac_cv_cxx_compiler_gnu=yes
ac_cv_env_CCC_set=
ac_cv_env_CCC_value=
ac_cv_env_CC_set=
ac_cv_env_CC_value=
ac_cv_env_CFLAGS_set=
ac_cv_env_CFLAGS_value=
ac_cv_env_CPPFLAGS_set=
ac_cv_env_CPPFLAGS_value=
ac_cv_env_CPP_set=
ac_cv_env_CPP_value=
ac_cv_env_CXXCPP_set=
ac_cv_env_CXXCPP_value=
ac_cv_env_CXXFLAGS_set=
ac_cv_env_CXXFLAGS_value=
ac_cv_env_CXX_set=
ac_cv_env_CXX_value=
ac_cv_env_LDFLAGS_set=
ac_cv_env_LDFLAGS_value=
ac_cv_env_LIBS_set=
ac_cv_env_LIBS_value=
ac_cv_env_build_alias_set=
ac_cv_env_build_alias_value=
ac_cv_env_host_alias_set=
ac_cv_env_host_alias_value=
ac_cv_env_target_alias_set=
ac_cv_env_target_alias_value=
ac_cv_header_dlfcn_h=yes
ac_cv_header_inttypes_h=yes
ac_cv_header_memory_h=yes
ac_cv_header_stdc=yes
ac_cv_header_stdint_h=yes
ac_cv_header_stdlib_h=yes
ac_cv_header_string_h=yes
ac_cv_header_strings_h=yes
ac_cv_header_sys_stat_h=yes
ac_cv_header_sys_types_h=yes
ac_cv_header_unistd_h=yes
ac_cv_host=x86_64-unknown-linux-gnu
ac_cv_objext=o
ac_cv_path_EGREP='/bin/grep -E'
ac_cv_path_FGREP='/bin/grep -F'
ac_cv_path_GREP=/bin/grep
ac_cv_path_SED=/bin/sed
ac_cv_path_install='/usr/bin/install -c'
ac_cv_path_mkdir=/bin/mkdir
ac_cv_prog_AWK=mawk
ac_cv_prog_CPP='gcc -E'
ac_cv_prog_CXXCPP='g++ -E'
ac_cv_prog_ac_ct_AR=ar
ac_cv_prog_ac_ct_CC=gcc
ac_cv_prog_ac_ct_CXX=g++
ac_cv_prog_ac_ct_OBJDUMP=objdump
ac_cv_prog_ac_ct_RANLIB=ranlib
ac_cv_prog_ac_ct_STRIP=strip
ac_cv_prog_cc_c89=
ac_cv_prog_cc_g=yes
ac_cv_prog_cxx_g=yes
ac_cv_prog_has_cppunit=no
ac_cv_prog_make_make_set=yes
ac_cv_target=x86_64-unknown-linux-gnu
am_cv_CC_dependencies_compiler_type=gcc3
am_cv_CXX_dependencies_compiler_type=gcc3
lt_cv_deplibs_check_method=pass_all
lt_cv_file_magic_cmd='$MAGIC_CMD'
lt_cv_file_magic_test_file=
lt_cv_ld_reload_flag=-r
lt_cv_nm_interface='BSD nm'
lt_cv_objdir=.libs
lt_cv_path_LD=/usr/bin/ld
lt_cv_path_LDCXX='/usr/bin/ld -m elf_x86_64'
lt_cv_path_NM='/usr/bin/nm -B'
lt_cv_prog_compiler_c_o=yes
lt_cv_prog_compiler_c_o_CXX=yes
lt_cv_prog_compiler_pic_works=yes
lt_cv_prog_compiler_pic_works_CXX=yes
lt_cv_prog_compiler_rtti_exceptions=no
lt_cv_prog_compiler_static_works=yes
lt_cv_prog_compiler_static_works_CXX=yes
lt_cv_prog_gnu_ld=yes
lt_cv_prog_gnu_ldcxx=yes
lt_cv_sys_global_symbol_pipe='sed -n -e '\''s/^.*[	 ]\([ABCDGIRSTW][ABCDGIRSTW]*\)[	 ][	 ]*\([_A-Za-z][_A-Za-z0-9]*\)$/\1 \2 \2/p'\'''
lt_cv_sys_global_symbol_to_c_name_address='sed -n -e '\''s/^: \([^ ]*\) $/  {\"\1\", (void *) 0},/p'\'' -e '\''s/^[ABCDGIRSTW]* \([^ ]*\) \([^ ]*\)$/  {"\2", (void *) \&\2},/p'\'''
lt_cv_sys_global_symbol_to_c_name_address_lib_prefix='sed -n -e '\''s/^: \([^ ]*\) $/  {\"\1\", (void *) 0},/p'\'' -e '\''s/^[ABCDGIRSTW]* \([^ ]*\) \(lib[^ ]*\)$/  {"\2", (void *) \&\2},/p'\'' -e '\''s/^[ABCDGIRSTW]* \([^ ]*\) \([^ ]*\)$/  {"lib\2", (void *) \&\2},/p'\'''
lt_cv_sys_global_symbol_to_cdecl='sed -n -e '\''s/^T .* \(.*\)$/extern int \1();/p'\'' -e '\''s/^[ABCDGIRSTW]* .* \(.*\)$/extern char \1;/p'\'''
lt_cv_sys_max_cmd_len=3458764513820540925

## ----------------- ##
## Output variables. ##
## ----------------- ##

ACLOCAL='${SHELL} /NOBACKUP/smakadir/nurbs++/missing --run aclocal-1.11'
AMDEPBACKSLASH='\'
AMDEP_FALSE='#'
AMDEP_TRUE=''
AMTAR='${SHELL} /NOBACKUP/smakadir/nurbs++/missing --run tar'
AR='ar'
AUTOCONF='${SHELL} /NOBACKUP/smakadir/nurbs++/missing --run autoconf'
AUTOHEADER='${SHELL} /NOBACKUP/smakadir/nurbs++/missing --run autoheader'
AUTOMAKE='${SHELL} /NOBACKUP/smakadir/nurbs++/missing --run automake-1.11'
AWK='mawk'
BUILD_CPPUNIT_TESTS_FALSE=''
BUILD_CPPUNIT_TESTS_TRUE='#'
BUILD_DOUBLE_FALSE=''
BUILD_DOUBLE_TRUE='#'
BUILD_FLOAT_DOUBLE_FALSE='#'
BUILD_FLOAT_DOUBLE_TRUE=''
BUILD_FLOAT_FALSE=''
BUILD_FLOAT_TRUE='#'
CC='gcc'
CCDEPMODE='depmode=gcc3'
CFLAGS='-g -O2'
CPP='gcc -E'
CPPFLAGS=''
CPPUNIT_CPPFLAGS=''
CPPUNIT_LIBS=''
CXX='g++'
CXXCPP='g++ -E'
CXXDEPMODE='depmode=gcc3'
CXXFLAGS='-g -O2 -fno-implicit-templates'
CYGPATH_W='echo'
DEFS='-DHAVE_CONFIG_H'
DEPDIR='.deps'
DSYMUTIL=''
DUMPBIN=''
ECHO_C=''
ECHO_N='-n'
ECHO_T=''
EGREP='/bin/grep -E'
EXEEXT=''
FGREP='/bin/grep -F'
GREP='/bin/grep'
INSTALL_DATA='${INSTALL} -m 644'
INSTALL_PROGRAM='${INSTALL}'
INSTALL_SCRIPT='${INSTALL}'
INSTALL_STRIP_PROGRAM='$(install_sh) -c -s'
LD='/usr/bin/ld -m elf_x86_64'
LDFLAGS=''
LIBOBJS=''
LIBS=''
LIBTOOL='$(SHELL) $(top_builddir)/libtool'
LIPO=''
LN_S='ln -s'
LTLIBOBJS=''
MAGICK_CPPFLAGS=''
MAGICK_LDFLAGS=''
MAGICK_LIBS=''
MAKEINFO='${SHELL} /NOBACKUP/smakadir/nurbs++/missing --run makeinfo'
MKDIR_P='/bin/mkdir -p'
NM='/usr/bin/nm -B'
NMEDIT=''
OBJDUMP='objdump'
OBJEXT='o'
OTOOL64=''
OTOOL=''
PACKAGE='nurbs++'
PACKAGE_BUGREPORT=''
PACKAGE_NAME=''
PACKAGE_STRING=''
PACKAGE_TARNAME=''
PACKAGE_URL=''
PACKAGE_VERSION=''
PATH_SEPARATOR=':'
RANLIB='ranlib'
SED='/bin/sed'
SET_MAKE=''
SHELL='/bin/bash'
STRIP='strip'
VERSION='3.0.12'
ac_ct_CC='gcc'
ac_ct_CXX='g++'
ac_ct_DUMPBIN=''
am__EXEEXT_FALSE=''
am__EXEEXT_TRUE='#'
am__fastdepCC_FALSE='#'
am__fastdepCC_TRUE=''
am__fastdepCXX_FALSE='#'
am__fastdepCXX_TRUE=''
am__include='include'
am__isrc=''
am__leading_dot='.'
am__quote=''
am__tar='${AMTAR} chof - "$$tardir"'
am__untar='${AMTAR} xf -'
ar=''
bindir='${exec_prefix}/bin'
build='x86_64-unknown-linux-gnu'
build_alias=''
build_cpu='x86_64'
build_os='linux-gnu'
build_vendor='unknown'
clean_list=''
complex_header='complex.h'
complex_lib=''
datadir='${datarootdir}'
datarootdir='${prefix}/share'
docdir='${datarootdir}/doc/${PACKAGE}'
dvidir='${docdir}'
exec_prefix='${prefix}'
has_cppunit='no'
host='x86_64-unknown-linux-gnu'
host_alias=''
host_cpu='x86_64'
host_os='linux-gnu'
host_vendor='unknown'
htmldir='${docdir}'
includedir='${prefix}/include'
infodir='${datarootdir}/info'
inside_mindseye=''
install_sh='${SHELL} /NOBACKUP/smakadir/nurbs++/install-sh'
libcxx_flags=''
libdir='${exec_prefix}/lib'
libexecdir='${exec_prefix}/libexec'
libld=''
libld_options=''
libs_inc=''
localedir='${datarootdir}/locale'
localstatedir='${prefix}/var'
lt_ECHO='echo'
mandir='${datarootdir}/man'
matrix_include='-I$(top_srcdir)/matrix -I$(top_srcdir)/image -I$(top_srcdir)/numerical'
matrix_lib='-lmatrixN -lmatrixI -lmatrix'
matrix_lib_flag='-L$(top_srcdir)/matrix -L$(top_srcdir)/image -L$(top_srcdir)/numerical'
mkdir_p='/bin/mkdir -p'
nurbs_demo_lib=''
nurbs_include='-I$(top_srcdir)/nurbs'
nurbs_lib='$(packagedir)/nurbs/libnurbsf.la $(packagedir)/nurbs/libnurbsd.la'
nurbs_libd='$(packagedir)/nurbs/libnurbsd.la'
nurbs_libf='$(packagedir)/nurbs/libnurbsf.la'
nurbs_libs=''
oldincludedir='/usr/include'
option_include=''
option_libs=''
packagedir='/NOBACKUP/smakadir/nurbs++'
pdfdir='${docdir}'
perl='/usr/bin/perl'
prefix='/NOBACKUP/smakadir/nurbs++/local'
program_transform_name='s,x,x,'
psdir='${docdir}'
sbindir='${exec_prefix}/sbin'
sharedstatedir='${prefix}/com'
sysconfdir='${prefix}/etc'
target='x86_64-unknown-linux-gnu'
target_alias=''
target_cpu='x86_64'
target_os='linux-gnu'
target_vendor='unknown'

## ----------- ##
## confdefs.h. ##
## ----------- ##

/* confdefs.h */
#define PACKAGE_NAME ""
#define PACKAGE_TARNAME ""
#define PACKAGE_VERSION ""
#define PACKAGE_STRING ""
#define PACKAGE_BUGREPORT ""
#define PACKAGE_URL ""
#define PACKAGE "nurbs++"
#define VERSION "3.0.12"
#define STDC_HEADERS 1
#define HAVE_SYS_TYPES_H 1
#define HAVE_SYS_STAT_H 1
#define HAVE_STDLIB_H 1
#define HAVE_STRING_H 1
#define HAVE_MEMORY_H 1
#define HAVE_STRINGS_H 1
#define HAVE_INTTYPES_H 1
#define HAVE_STDINT_H 1
#define HAVE_UNISTD_H 1
#define HAVE_DLFCN_H 1
#define LT_OBJDIR ".libs/"
#define USE_EXCEPTION 1
#define DEBUG_PLIB 1
#define NO_IMPLICIT_TEMPLATES 1
#define USING_LINUX 1
#define HAVE_NAMESPACE 1
#define HAVE_TEMPLATE_OF_TEMPLATE 1
#define HAVE_ISO_FRIEND_DECL 1
#define HAS_COMPLEX_ABS 1
#define HAS_COMPLEX_CONJ 1
#define PACKAGE 1
#define VERSION 1

configure: exit 0

## ---------------------- ##
## Running config.status. ##
## ---------------------- ##

This file was extended by config.status, which was
generated by GNU Autoconf 2.64.  Invocation command line was

  CONFIG_FILES    = 
  CONFIG_HEADERS  = 
  CONFIG_LINKS    = 
  CONFIG_COMMANDS = 
  $ ./config.status 

on na70.nada.kth.se

config.status:1188: creating Makefile
config.status:1188: creating Doxyfile
config.status:1188: creating nurbs++-config
config.status:1188: creating include/Makefile
config.status:1188: creating config/Makefile
config.status:1188: creating matrix/Makefile
config.status:1188: creating numerical/Makefile
config.status:1188: creating image/Makefile
config.status:1188: creating nurbs/Makefile
config.status:1188: creating examples/Makefile
config.status:1188: creating examples/matrix/Makefile
config.status:1188: creating examples/image/Makefile
config.status:1188: creating examples/numerical/Makefile
config.status:1188: creating examples/nurbs/Makefile
config.status:1188: creating tests/Makefile
config.status:1188: creating tests/matrix/Makefile
config.status:1188: creating tests/nurbs/Makefile
config.status:1188: creating nurbs++-3.0.12.pc
config.status:1188: creating include/plib_config.h
config.status:1408: executing depfiles commands
config.status:1408: executing libtool commands

## ---------------------- ##
## Running config.status. ##
## ---------------------- ##

This file was extended by config.status, which was
generated by GNU Autoconf 2.64.  Invocation command line was

  CONFIG_FILES    = 
  CONFIG_HEADERS  = 
  CONFIG_LINKS    = 
  CONFIG_COMMANDS = 
  $ ./config.status include/plib_config.h

on na70.nada.kth.se

config.status:1188: creating include/plib_config.h
config.status:1360: include/plib_config.h is unchanged
